[2023-01-04 15:05 Europe/Berlin] HTTP request of validation request:POST /cgi-bin/webscr HTTP/1.1
Host: www.sandbox.paypal.com
Accept: */*
Connection: Close
Content-Length: 108
Content-Type: application/x-www-form-urlencoded

 for IPN payload: cmd=_notify-validate&stuid=hhhh&firstname=hhhhhh&lastname=hbbb&email=hh%40dd.com&tele=%2B94778366746&pay=100
[2023-01-04 15:05 Europe/Berlin] HTTP response of validation request: HTTP/1.1 403 Forbidden
Connection: close
Content-Length: 419
Server: Varnish
Retry-After: 0
Content-Type: text/html
Accept-Ranges: bytes
Via: 1.1 varnish, 1.1 varnish
Date: Wed, 04 Jan 2023 14:05:01 GMT
Strict-Transport-Security: max-age=63072000; includeSubDomains; preload
X-Served-By: cache-fra-eddf8230053-FRA, cache-mrs10527-MRS
X-Cache: MISS, MISS
X-Cache-Hits: 0, 0
X-Timer: S1672841102.663139,VS0,VE18
Set-Cookie: x-cdn=fastly:MRS; Domain=paypal.com; Path=/; Secure


<!DOCTYPE html PUBLIC "-//W3C//DTD XHTML 1.0 Transitional//EN" "DTD/xhtml1-transitional.dtd">
<html>
<head>
<meta http-equiv="Content-Type" content="text/html; charset=UTF-8" />
<title>Paypal Error</title>
</head>
<body>
<h1>Access Denied.</h1>
<p>You don't have permission to access "/cgi-bin/webscr" on this server.
<br/>
<p>Reference #1672841102eef188155582e0a956a21
<br/>
<p> Timestamp: 1672841102
</body>
</html>

[2023-01-04 15:05 Europe/Berlin] HTTP request of validation request:POST /cgi-bin/webscr HTTP/1.1
Host: www.sandbox.paypal.com
Accept: */*
Connection: Close
Content-Length: 108
Content-Type: application/x-www-form-urlencoded

 for IPN payload: cmd=_notify-validate&stuid=hhhh&firstname=hhhhhh&lastname=hbbb&email=hh%40dd.com&tele=%2B94778366746&pay=100
[2023-01-04 15:05 Europe/Berlin] HTTP response of validation request: HTTP/1.1 403 Forbidden
Connection: close
Content-Length: 419
Server: Varnish
Retry-After: 0
Content-Type: text/html
Accept-Ranges: bytes
Via: 1.1 varnish, 1.1 varnish
Date: Wed, 04 Jan 2023 14:05:32 GMT
Strict-Transport-Security: max-age=63072000; includeSubDomains; preload
X-Served-By: cache-fra-eddf8230138-FRA, cache-mrs10543-MRS
X-Cache: MISS, MISS
X-Cache-Hits: 0, 0
X-Timer: S1672841132.055055,VS0,VE19
Set-Cookie: x-cdn=fastly:MRS; Domain=paypal.com; Path=/; Secure


<!DOCTYPE html PUBLIC "-//W3C//DTD XHTML 1.0 Transitional//EN" "DTD/xhtml1-transitional.dtd">
<html>
<head>
<meta http-equiv="Content-Type" content="text/html; charset=UTF-8" />
<title>Paypal Error</title>
</head>
<body>
<h1>Access Denied.</h1>
<p>You don't have permission to access "/cgi-bin/webscr" on this server.
<br/>
<p>Reference #16728411321c925ab2817a0aee6b79b
<br/>
<p> Timestamp: 1672841132
</body>
</html>

